<?xml version="1.0" encoding="UTF-8"?>
<!-- Generated by org.testng.reporters.JUnitReportReporter -->
<testsuite skipped="0" hostname="LAPTOP-FDA1SO37" name="com.crm.qa.testcases.HomePageTest" tests="3" failures="0" timestamp="10 Mar 2019 06:51:18 GMT" time="40.783" errors="0">
  <testcase name="verifyContactsLinkTest" time="18.426" classname="com.crm.qa.testcases.HomePageTest"/>
  <testcase name="verifyUserNameTest" time="11.457" classname="com.crm.qa.testcases.HomePageTest"/>
  <testcase name="verifyHomePageTitleTest" time="10.900" classname="com.crm.qa.testcases.HomePageTest"/>
</testsuite> <!-- com.crm.qa.testcases.HomePageTest -->
