<?xml version="1.0" encoding="UTF-8"?>
<!-- Generated by org.testng.reporters.JUnitReportReporter -->
<testsuite skipped="0" hostname="LAPTOP-FDA1SO37" name="com.crm.qa.testcases.loginTestPage" tests="1" failures="0" timestamp="10 Mar 2019 06:51:18 GMT" time="12.634" errors="0">
  <testcase name="loginTest" time="12.634" classname="com.crm.qa.testcases.loginTestPage"/>
</testsuite> <!-- com.crm.qa.testcases.loginTestPage -->
